<?xml version="1.0" encoding="UTF-8" ?>
<testsuite errors="0" failures="0" hostname="localhost.localdomain" name="MyutilTest.SimpleCalculationTest" skipped="0" tests="1" time="0.091" timestamp="2018-06-13T15:49:18">
  <properties>
    <property name="ant.project.invoked-targets" value="junit" />
    <property name="java.runtime.name" value="Java(TM) SE Runtime Environment" />
    <property name="sun.boot.library.path" value="/home/apps/jdk1.8.0_171/jre/lib/amd64" />
    <property name="java.vm.version" value="25.171-b11" />
    <property name="ant.library.dir" value="/home/apps/apache-ant-1.9.11/lib" />
    <property name="ant.version" value="Apache Ant(TM) version 1.9.11 compiled on March 23 2018" />
    <property name="ant.java.version" value="1.8" />
    <property name="java.vm.vendor" value="Oracle Corporation" />
    <property name="java.vendor.url" value="http://java.oracle.com/" />
    <property name="path.separator" value=":" />
    <property name="java.vm.name" value="Java HotSpot(TM) 64-Bit Server VM" />
    <property name="file.encoding.pkg" value="sun.io" />
    <property name="user.country" value="CN" />
    <property name="sun.java.launcher" value="SUN_STANDARD" />
    <property name="sun.os.patch.level" value="unknown" />
    <property name="java.vm.specification.name" value="Java Virtual Machine Specification" />
    <property name="user.dir" value="/home/szy/Junit-Demo/Junit-" />
    <property name="java.runtime.version" value="1.8.0_171-b11" />
    <property name="java.awt.graphicsenv" value="sun.awt.X11GraphicsEnvironment" />
    <property name="basedir" value="/home/szy/Junit-Demo/Junit-" />
    <property name="java.endorsed.dirs" value="/home/apps/jdk1.8.0_171/jre/lib/endorsed" />
    <property name="os.arch" value="amd64" />
    <property name="ant.project.default-target" value="junit" />
    <property name="java.io.tmpdir" value="/tmp" />
    <property name="ant.core.lib" value="/home/apps/apache-ant-1.9.11/lib/ant.jar" />
    <property name="line.separator" value="&#xa;" />
    <property name="java.vm.specification.vendor" value="Oracle Corporation" />
    <property name="os.name" value="Linux" />
    <property name="ant.home" value="/home/apps/apache-ant-1.9.11" />
    <property name="ant.project.name" value="TestDemo" />
    <property name="ant.file.TestDemo" value="/home/szy/Junit-Demo/Junit-/build.xml" />
    <property name="sun.jnu.encoding" value="UTF-8" />
    <property name="java.library.path" value="/usr/java/packages/lib/amd64:/usr/lib64:/lib64:/lib:/usr/lib" />
    <property name="java.specification.name" value="Java Platform API Specification" />
    <property name="java.class.version" value="52.0" />
    <property name="build.path" value="build" />
    <property name="sun.management.compiler" value="HotSpot 64-Bit Tiered Compilers" />
    <property name="lib.path" value="lib" />
    <property name="report.path" value="report" />
    <property name="os.version" value="3.10.0-514.26.1.el7.x86_64" />
    <property name="ant.file" value="/home/szy/Junit-Demo/Junit-/build.xml" />
    <property name="user.home" value="/home/szy" />
    <property name="src.path" value="src/java" />
    <property name="user.timezone" value="" />
    <property name="java.awt.printerjob" value="sun.print.PSPrinterJob" />
    <property name="java.specification.version" value="1.8" />
    <property name="file.encoding" value="UTF-8" />
    <property name="user.name" value="szy" />
    <property name="java.class.path" value="/home/szy/Junit-Demo/Junit-/lib/hamcrest-core-1.3.jar:/home/szy/Junit-Demo/Junit-/lib/junit.jar:/home/szy/Junit-Demo/Junit-/build:/home/szy/Junit-Demo/Junit-:/home/apps/jdk1.8.0_171/lib/dt.jar:/home/apps/jdk1.8.0_171/lib/tools.jar:/home/apps/apache-ant-1.9.11/lib/ant-launcher.jar:/home/apps/apache-ant-1.9.11/lib/ant.jar:/home/apps/apache-ant-1.9.11/lib/ant-junit.jar:/home/apps/apache-ant-1.9.11/lib/ant-junit4.jar" />
    <property name="test.path" value="src/test" />
    <property name="java.vm.specification.version" value="1.8" />
    <property name="java.home" value="/home/apps/jdk1.8.0_171/jre" />
    <property name="sun.java.command" value="org.apache.tools.ant.taskdefs.optional.junit.JUnitTestRunner MyutilTest.SimpleCalculationTest skipNonTests=false filtertrace=true haltOnError=false haltOnFailure=false formatter=org.apache.tools.ant.taskdefs.optional.junit.SummaryJUnitResultFormatter showoutput=false outputtoformatters=true logfailedtests=true threadid=0 logtestlistenerevents=false formatter=org.apache.tools.ant.taskdefs.optional.junit.XMLJUnitResultFormatter,/home/szy/Junit-Demo/Junit-/report/TEST-MyutilTest.SimpleCalculationTest.xml crashfile=/home/szy/Junit-Demo/Junit-/junitvmwatcher8821069285839644148.properties propsfile=/home/szy/Junit-Demo/Junit-/junit1064074985756068616.properties" />
    <property name="sun.arch.data.model" value="64" />
    <property name="java.specification.vendor" value="Oracle Corporation" />
    <property name="user.language" value="zh" />
    <property name="awt.toolkit" value="sun.awt.X11.XToolkit" />
    <property name="java.vm.info" value="mixed mode" />
    <property name="java.version" value="1.8.0_171" />
    <property name="java.ext.dirs" value="/home/apps/jdk1.8.0_171/jre/lib/ext:/usr/java/packages/lib/ext" />
    <property name="sun.boot.class.path" value="/home/apps/jdk1.8.0_171/jre/lib/resources.jar:/home/apps/jdk1.8.0_171/jre/lib/rt.jar:/home/apps/jdk1.8.0_171/jre/lib/sunrsasign.jar:/home/apps/jdk1.8.0_171/jre/lib/jsse.jar:/home/apps/jdk1.8.0_171/jre/lib/jce.jar:/home/apps/jdk1.8.0_171/jre/lib/charsets.jar:/home/apps/jdk1.8.0_171/jre/lib/jfr.jar:/home/apps/jdk1.8.0_171/jre/classes" />
    <property name="java.vendor" value="Oracle Corporation" />
    <property name="file.separator" value="/" />
    <property name="java.vendor.url.bug" value="http://bugreport.sun.com/bugreport/" />
    <property name="sun.cpu.endian" value="little" />
    <property name="sun.io.unicode.encoding" value="UnicodeLittle" />
    <property name="ant.file.type.TestDemo" value="file" />
    <property name="ant.file.type" value="file" />
    <property name="sun.desktop" value="gnome" />
    <property name="sun.cpu.isalist" value="" />
  </properties>
  <testcase classname="MyutilTest.SimpleCalculationTest" name="AddTest" time="0.0" />
  <system-out><![CDATA[]]></system-out>
  <system-err><![CDATA[]]></system-err>
</testsuite>
